<?xml version="1.0" encoding="UTF-8"?>
<testsuite xmlns:xsi="http://www.w3.org/2001/XMLSchema-instance" xsi:noNamespaceSchemaLocation="https://maven.apache.org/surefire/maven-surefire-plugin/xsd/surefire-test-report-3.0.xsd" version="3.0" name="tests.Apprunner1" time="55.621" tests="4" errors="0" skipped="0" failures="0">
  <properties>
[...]
</properties>
  <testcase name="Given launch app" classname="Scenario: validate arithmetic operation" time="0.004"/>
  <testcase name="Then validate operation with given data" classname="Scenario: validate arithmetic operation" time="0"/>
  <testcase name="And close app" classname="Scenario: validate arithmetic operation" time="0"/>
  <testcase name="Scenario: validate arithmetic operation" classname="Scenario: validate arithmetic operation" time="0.015"/>
</testsuite>