<?xml version="1.0" encoding="UTF-8"?>
<testng-results skipped="0" failed="0" ignored="0" total="8" passed="8">
  <reporter-output>
  </reporter-output>
  <suite name="Default suite" duration-ms="394215" started-at="2020-10-25T13:29:49 IST" finished-at="2020-10-25T13:36:23 IST">
    <groups>
      <group name="cucumber">
        <method signature="AbstractTestNGCucumberTests.runScenario(io.cucumber.testng.PickleWrapper, io.cucumber.testng.FeatureWrapper)[pri:0, instance:tests.Runner1@7ce6a65d]" name="runScenario" class="io.cucumber.testng.AbstractTestNGCucumberTests"/>
      </group> <!-- cucumber -->
    </groups>
    <test name="Default test" duration-ms="394215" started-at="2020-10-25T13:29:49 IST" finished-at="2020-10-25T13:36:23 IST">
      <class name="tests.Runner1">
        <test-method status="PASS" signature="setUpClass()[pri:0, instance:tests.Runner1@7ce6a65d]" name="setUpClass" is-config="true" duration-ms="655" started-at="2020-10-25T13:29:49 IST" finished-at="2020-10-25T13:29:50 IST">
          <reporter-output>
          </reporter-output>
        </test-method> <!-- setUpClass -->
        <test-method status="PASS" signature="runScenario(io.cucumber.testng.PickleWrapper, io.cucumber.testng.FeatureWrapper)[pri:0, instance:tests.Runner1@7ce6a65d]" name="runScenario" duration-ms="125410" started-at="2020-10-25T13:29:50 IST" description="Runs Cucumber Scenarios" data-provider="scenarios" finished-at="2020-10-25T13:31:55 IST">
          <params>
            <param index="0">
              <value>
                <![CDATA["validate arithmetic operation for given data"]]>
              </value>
            </param>
            <param index="1">
              <value>
                <![CDATA["Optional[arithmetic calculation]"]]>
              </value>
            </param>
          </params>
          <reporter-output>
          </reporter-output>
        </test-method> <!-- runScenario -->
        <test-method status="PASS" signature="runScenario(io.cucumber.testng.PickleWrapper, io.cucumber.testng.FeatureWrapper)[pri:0, instance:tests.Runner1@7ce6a65d]" name="runScenario" duration-ms="39054" started-at="2020-10-25T13:31:55 IST" description="Runs Cucumber Scenarios" data-provider="scenarios" finished-at="2020-10-25T13:32:34 IST">
          <params>
            <param index="0">
              <value>
                <![CDATA["validate division operation"]]>
              </value>
            </param>
            <param index="1">
              <value>
                <![CDATA["Optional[Arithmetic operations]"]]>
              </value>
            </param>
          </params>
          <reporter-output>
          </reporter-output>
        </test-method> <!-- runScenario -->
        <test-method status="PASS" signature="runScenario(io.cucumber.testng.PickleWrapper, io.cucumber.testng.FeatureWrapper)[pri:0, instance:tests.Runner1@7ce6a65d]" name="runScenario" duration-ms="41074" started-at="2020-10-25T13:32:34 IST" description="Runs Cucumber Scenarios" data-provider="scenarios" finished-at="2020-10-25T13:33:15 IST">
          <params>
            <param index="0">
              <value>
                <![CDATA["validate division operation"]]>
              </value>
            </param>
            <param index="1">
              <value>
                <![CDATA["Optional[Arithmetic operations]"]]>
              </value>
            </param>
          </params>
          <reporter-output>
          </reporter-output>
        </test-method> <!-- runScenario -->
        <test-method status="PASS" signature="runScenario(io.cucumber.testng.PickleWrapper, io.cucumber.testng.FeatureWrapper)[pri:0, instance:tests.Runner1@7ce6a65d]" name="runScenario" duration-ms="41269" started-at="2020-10-25T13:33:15 IST" description="Runs Cucumber Scenarios" data-provider="scenarios" finished-at="2020-10-25T13:33:57 IST">
          <params>
            <param index="0">
              <value>
                <![CDATA["validate division operation"]]>
              </value>
            </param>
            <param index="1">
              <value>
                <![CDATA["Optional[Arithmetic operations]"]]>
              </value>
            </param>
          </params>
          <reporter-output>
          </reporter-output>
        </test-method> <!-- runScenario -->
        <test-method status="PASS" signature="runScenario(io.cucumber.testng.PickleWrapper, io.cucumber.testng.FeatureWrapper)[pri:0, instance:tests.Runner1@7ce6a65d]" name="runScenario" duration-ms="42675" started-at="2020-10-25T13:33:57 IST" description="Runs Cucumber Scenarios" data-provider="scenarios" finished-at="2020-10-25T13:34:39 IST">
          <params>
            <param index="0">
              <value>
                <![CDATA["validate division operation"]]>
              </value>
            </param>
            <param index="1">
              <value>
                <![CDATA["Optional[Arithmetic operations]"]]>
              </value>
            </param>
          </params>
          <reporter-output>
          </reporter-output>
        </test-method> <!-- runScenario -->
        <test-method status="PASS" signature="runScenario(io.cucumber.testng.PickleWrapper, io.cucumber.testng.FeatureWrapper)[pri:0, instance:tests.Runner1@7ce6a65d]" name="runScenario" duration-ms="35086" started-at="2020-10-25T13:34:39 IST" description="Runs Cucumber Scenarios" data-provider="scenarios" finished-at="2020-10-25T13:35:14 IST">
          <params>
            <param index="0">
              <value>
                <![CDATA["validate division operation"]]>
              </value>
            </param>
            <param index="1">
              <value>
                <![CDATA["Optional[Arithmetic operations]"]]>
              </value>
            </param>
          </params>
          <reporter-output>
          </reporter-output>
        </test-method> <!-- runScenario -->
        <test-method status="PASS" signature="runScenario(io.cucumber.testng.PickleWrapper, io.cucumber.testng.FeatureWrapper)[pri:0, instance:tests.Runner1@7ce6a65d]" name="runScenario" duration-ms="35610" started-at="2020-10-25T13:35:14 IST" description="Runs Cucumber Scenarios" data-provider="scenarios" finished-at="2020-10-25T13:35:50 IST">
          <params>
            <param index="0">
              <value>
                <![CDATA["validate division operation"]]>
              </value>
            </param>
            <param index="1">
              <value>
                <![CDATA["Optional[Arithmetic operations]"]]>
              </value>
            </param>
          </params>
          <reporter-output>
          </reporter-output>
        </test-method> <!-- runScenario -->
        <test-method status="PASS" signature="runScenario(io.cucumber.testng.PickleWrapper, io.cucumber.testng.FeatureWrapper)[pri:0, instance:tests.Runner1@7ce6a65d]" name="runScenario" duration-ms="33288" started-at="2020-10-25T13:35:50 IST" description="Runs Cucumber Scenarios" data-provider="scenarios" finished-at="2020-10-25T13:36:23 IST">
          <params>
            <param index="0">
              <value>
                <![CDATA["validate division operation"]]>
              </value>
            </param>
            <param index="1">
              <value>
                <![CDATA["Optional[Arithmetic operations]"]]>
              </value>
            </param>
          </params>
          <reporter-output>
          </reporter-output>
        </test-method> <!-- runScenario -->
        <test-method status="PASS" signature="tearDownClass()[pri:0, instance:tests.Runner1@7ce6a65d]" name="tearDownClass" is-config="true" duration-ms="50" started-at="2020-10-25T13:36:23 IST" finished-at="2020-10-25T13:36:23 IST">
          <reporter-output>
          </reporter-output>
        </test-method> <!-- tearDownClass -->
      </class> <!-- tests.Runner1 -->
    </test> <!-- Default test -->
  </suite> <!-- Default suite -->
</testng-results>
